c:\kinectfacetrackerv2\singleface\int\singleface\x64\release\kinectfacetracker.pch
c:\kinectfacetrackerv2\singleface\int\singleface\x64\release\vc143.pdb
c:\kinectfacetrackerv2\singleface\int\singleface\x64\release\stdafx.obj
c:\kinectfacetrackerv2\singleface\int\singleface\x64\release\visualize.obj
c:\kinectfacetrackerv2\singleface\int\singleface\x64\release\singlefacenowindow.obj
c:\kinectfacetrackerv2\singleface\int\singleface\x64\release\kinectsensor.obj
c:\kinectfacetrackerv2\singleface\int\singleface\x64\release\fthelper.obj
c:\kinectfacetrackerv2\singleface\int\singleface\x64\release\kinectfacetracker.obj
c:\kinectfacetrackerv2\singleface\int\singleface\x64\release\eggavatar.obj
c:\kinectfacetrackerv2\singleface\int\singleface\x64\release\.netframework,version=v4.7.2.assemblyattributes.obj
c:\kinectfacetrackerv2\singleface\out\singleface\x64\release\kinectfacetracker.dll
c:\kinectfacetrackerv2\singleface\int\singleface\x64\release\singleface.res
c:\kinectfacetrackerv2\singleface\int\singleface\x64\release\singleface.vcxproj.filelistabsolute.txt
c:\kinectfacetrackerv2\singleface\int\singleface\x64\release\singleface.tlog\cl.command.1.tlog
c:\kinectfacetrackerv2\singleface\int\singleface\x64\release\singleface.tlog\cl.items.tlog
c:\kinectfacetrackerv2\singleface\int\singleface\x64\release\singleface.tlog\cl.read.1.tlog
c:\kinectfacetrackerv2\singleface\int\singleface\x64\release\singleface.tlog\cl.write.1.tlog
c:\kinectfacetrackerv2\singleface\int\singleface\x64\release\singleface.tlog\link.command.1.tlog
c:\kinectfacetrackerv2\singleface\int\singleface\x64\release\singleface.tlog\link.read.1.tlog
c:\kinectfacetrackerv2\singleface\int\singleface\x64\release\singleface.tlog\link.secondary.1.tlog
c:\kinectfacetrackerv2\singleface\int\singleface\x64\release\singleface.tlog\link.write.1.tlog
c:\kinectfacetrackerv2\singleface\int\singleface\x64\release\singleface.tlog\metagen.read.1.tlog
c:\kinectfacetrackerv2\singleface\int\singleface\x64\release\singleface.tlog\metagen.write.1.tlog
c:\kinectfacetrackerv2\singleface\int\singleface\x64\release\singleface.tlog\rc.command.1.tlog
c:\kinectfacetrackerv2\singleface\int\singleface\x64\release\singleface.tlog\rc.read.1.tlog
c:\kinectfacetrackerv2\singleface\int\singleface\x64\release\singleface.tlog\rc.write.1.tlog
